Copyright 1986-2019 Xilinx, Inc. All Rights Reserved.
-----------------------------------------------------------------------------------------------------------------------------------------------------------------------------------------
| Tool Version : Vivado v.2019.2 (win64) Build 2708876 Wed Nov  6 21:40:23 MST 2019
| Date         : Wed May 27 16:02:43 2020
| Host         : GreatAtuin running 64-bit major release  (build 9200)
| Command      : report_methodology -file mb_design_wrapper_methodology_drc_routed.rpt -pb mb_design_wrapper_methodology_drc_routed.pb -rpx mb_design_wrapper_methodology_drc_routed.rpx
| Design       : mb_design_wrapper
| Device       : xc7a100tcsg324-1
| Speed File   : -1
| Design State : Fully Routed
-----------------------------------------------------------------------------------------------------------------------------------------------------------------------------------------

Report Methodology

Table of Contents
-----------------
1. REPORT SUMMARY
2. REPORT DETAILS

1. REPORT SUMMARY
-----------------
            Netlist: netlist
          Floorplan: design_1
      Design limits: <entire design considered>
             Max violations: <unlimited>
             Violations found: 102
+-----------+----------+-------------------------------+------------+
| Rule      | Severity | Description                   | Violations |
+-----------+----------+-------------------------------+------------+
| LUTAR-1   | Warning  | LUT drives async reset alert  | 1          |
| TIMING-9  | Warning  | Unknown CDC Logic             | 1          |
| TIMING-18 | Warning  | Missing input or output delay | 100        |
+-----------+----------+-------------------------------+------------+

2. REPORT DETAILS
-----------------
LUTAR-1#1 Warning
LUT drives async reset alert  
LUT cell mb_design_i/mdm_1/U0/MDM_Core_I1/JTAG_CONTROL_I/sel_n_i_2, with 2 or more inputs, drives asynchronous preset/clear pin(s) mb_design_i/mdm_1/U0/MDM_Core_I1/JTAG_CONTROL_I/sel_n_reg/PRE. The LUT may glitch and trigger an unexpected reset, even if it is a properly timed path.
Related violations: <none>

TIMING-9#1 Warning
Unknown CDC Logic  
One or more asynchronous Clock Domain Crossing has been detected between 2 clock domains through a set_false_path or a set_clock_groups or set_max_delay -datapath_only constraint but no double-registers logic synchronizer has been found on the side of the capture clock. It is recommended to run report_cdc for a complete and detailed CDC coverage. Please consider using XPM_CDC to avoid Critical severities
Related violations: <none>

TIMING-18#1 Warning
Missing input or output delay  
An input delay is missing on cellular_ram_dq_io[0] relative to clock(s) sys_clock
Related violations: <none>

TIMING-18#2 Warning
Missing input or output delay  
An input delay is missing on cellular_ram_dq_io[10] relative to clock(s) sys_clock
Related violations: <none>

TIMING-18#3 Warning
Missing input or output delay  
An input delay is missing on cellular_ram_dq_io[11] relative to clock(s) sys_clock
Related violations: <none>

TIMING-18#4 Warning
Missing input or output delay  
An input delay is missing on cellular_ram_dq_io[12] relative to clock(s) sys_clock
Related violations: <none>

TIMING-18#5 Warning
Missing input or output delay  
An input delay is missing on cellular_ram_dq_io[13] relative to clock(s) sys_clock
Related violations: <none>

TIMING-18#6 Warning
Missing input or output delay  
An input delay is missing on cellular_ram_dq_io[14] relative to clock(s) sys_clock
Related violations: <none>

TIMING-18#7 Warning
Missing input or output delay  
An input delay is missing on cellular_ram_dq_io[15] relative to clock(s) sys_clock
Related violations: <none>

TIMING-18#8 Warning
Missing input or output delay  
An input delay is missing on cellular_ram_dq_io[1] relative to clock(s) sys_clock
Related violations: <none>

TIMING-18#9 Warning
Missing input or output delay  
An input delay is missing on cellular_ram_dq_io[2] relative to clock(s) sys_clock
Related violations: <none>

TIMING-18#10 Warning
Missing input or output delay  
An input delay is missing on cellular_ram_dq_io[3] relative to clock(s) sys_clock
Related violations: <none>

TIMING-18#11 Warning
Missing input or output delay  
An input delay is missing on cellular_ram_dq_io[4] relative to clock(s) sys_clock
Related violations: <none>

TIMING-18#12 Warning
Missing input or output delay  
An input delay is missing on cellular_ram_dq_io[5] relative to clock(s) sys_clock
Related violations: <none>

TIMING-18#13 Warning
Missing input or output delay  
An input delay is missing on cellular_ram_dq_io[6] relative to clock(s) sys_clock
Related violations: <none>

TIMING-18#14 Warning
Missing input or output delay  
An input delay is missing on cellular_ram_dq_io[7] relative to clock(s) sys_clock
Related violations: <none>

TIMING-18#15 Warning
Missing input or output delay  
An input delay is missing on cellular_ram_dq_io[8] relative to clock(s) sys_clock
Related violations: <none>

TIMING-18#16 Warning
Missing input or output delay  
An input delay is missing on cellular_ram_dq_io[9] relative to clock(s) sys_clock
Related violations: <none>

TIMING-18#17 Warning
Missing input or output delay  
An input delay is missing on dip_switches_16bits_tri_i[0] relative to clock(s) sys_clock
Related violations: <none>

TIMING-18#18 Warning
Missing input or output delay  
An input delay is missing on dip_switches_16bits_tri_i[10] relative to clock(s) sys_clock
Related violations: <none>

TIMING-18#19 Warning
Missing input or output delay  
An input delay is missing on dip_switches_16bits_tri_i[11] relative to clock(s) sys_clock
Related violations: <none>

TIMING-18#20 Warning
Missing input or output delay  
An input delay is missing on dip_switches_16bits_tri_i[12] relative to clock(s) sys_clock
Related violations: <none>

TIMING-18#21 Warning
Missing input or output delay  
An input delay is missing on dip_switches_16bits_tri_i[13] relative to clock(s) sys_clock
Related violations: <none>

TIMING-18#22 Warning
Missing input or output delay  
An input delay is missing on dip_switches_16bits_tri_i[14] relative to clock(s) sys_clock
Related violations: <none>

TIMING-18#23 Warning
Missing input or output delay  
An input delay is missing on dip_switches_16bits_tri_i[15] relative to clock(s) sys_clock
Related violations: <none>

TIMING-18#24 Warning
Missing input or output delay  
An input delay is missing on dip_switches_16bits_tri_i[1] relative to clock(s) sys_clock
Related violations: <none>

TIMING-18#25 Warning
Missing input or output delay  
An input delay is missing on dip_switches_16bits_tri_i[2] relative to clock(s) sys_clock
Related violations: <none>

TIMING-18#26 Warning
Missing input or output delay  
An input delay is missing on dip_switches_16bits_tri_i[3] relative to clock(s) sys_clock
Related violations: <none>

TIMING-18#27 Warning
Missing input or output delay  
An input delay is missing on dip_switches_16bits_tri_i[4] relative to clock(s) sys_clock
Related violations: <none>

TIMING-18#28 Warning
Missing input or output delay  
An input delay is missing on dip_switches_16bits_tri_i[5] relative to clock(s) sys_clock
Related violations: <none>

TIMING-18#29 Warning
Missing input or output delay  
An input delay is missing on dip_switches_16bits_tri_i[6] relative to clock(s) sys_clock
Related violations: <none>

TIMING-18#30 Warning
Missing input or output delay  
An input delay is missing on dip_switches_16bits_tri_i[7] relative to clock(s) sys_clock
Related violations: <none>

TIMING-18#31 Warning
Missing input or output delay  
An input delay is missing on dip_switches_16bits_tri_i[8] relative to clock(s) sys_clock
Related violations: <none>

TIMING-18#32 Warning
Missing input or output delay  
An input delay is missing on dip_switches_16bits_tri_i[9] relative to clock(s) sys_clock
Related violations: <none>

TIMING-18#33 Warning
Missing input or output delay  
An input delay is missing on dual_seven_seg_led_disp_tri_io[0] relative to clock(s) sys_clock
Related violations: <none>

TIMING-18#34 Warning
Missing input or output delay  
An input delay is missing on dual_seven_seg_led_disp_tri_io[1] relative to clock(s) sys_clock
Related violations: <none>

TIMING-18#35 Warning
Missing input or output delay  
An input delay is missing on dual_seven_seg_led_disp_tri_io[2] relative to clock(s) sys_clock
Related violations: <none>

TIMING-18#36 Warning
Missing input or output delay  
An input delay is missing on dual_seven_seg_led_disp_tri_io[3] relative to clock(s) sys_clock
Related violations: <none>

TIMING-18#37 Warning
Missing input or output delay  
An input delay is missing on dual_seven_seg_led_disp_tri_io[4] relative to clock(s) sys_clock
Related violations: <none>

TIMING-18#38 Warning
Missing input or output delay  
An input delay is missing on dual_seven_seg_led_disp_tri_io[5] relative to clock(s) sys_clock
Related violations: <none>

TIMING-18#39 Warning
Missing input or output delay  
An input delay is missing on dual_seven_seg_led_disp_tri_io[6] relative to clock(s) sys_clock
Related violations: <none>

TIMING-18#40 Warning
Missing input or output delay  
An input delay is missing on dual_seven_seg_led_disp_tri_io[7] relative to clock(s) sys_clock
Related violations: <none>

TIMING-18#41 Warning
Missing input or output delay  
An input delay is missing on led_16bits_tri_io[0] relative to clock(s) sys_clock
Related violations: <none>

TIMING-18#42 Warning
Missing input or output delay  
An input delay is missing on led_16bits_tri_io[10] relative to clock(s) sys_clock
Related violations: <none>

TIMING-18#43 Warning
Missing input or output delay  
An input delay is missing on led_16bits_tri_io[11] relative to clock(s) sys_clock
Related violations: <none>

TIMING-18#44 Warning
Missing input or output delay  
An input delay is missing on led_16bits_tri_io[12] relative to clock(s) sys_clock
Related violations: <none>

TIMING-18#45 Warning
Missing input or output delay  
An input delay is missing on led_16bits_tri_io[13] relative to clock(s) sys_clock
Related violations: <none>

TIMING-18#46 Warning
Missing input or output delay  
An input delay is missing on led_16bits_tri_io[14] relative to clock(s) sys_clock
Related violations: <none>

TIMING-18#47 Warning
Missing input or output delay  
An input delay is missing on led_16bits_tri_io[15] relative to clock(s) sys_clock
Related violations: <none>

TIMING-18#48 Warning
Missing input or output delay  
An input delay is missing on led_16bits_tri_io[1] relative to clock(s) sys_clock
Related violations: <none>

TIMING-18#49 Warning
Missing input or output delay  
An input delay is missing on led_16bits_tri_io[2] relative to clock(s) sys_clock
Related violations: <none>

TIMING-18#50 Warning
Missing input or output delay  
An input delay is missing on led_16bits_tri_io[3] relative to clock(s) sys_clock
Related violations: <none>

TIMING-18#51 Warning
Missing input or output delay  
An input delay is missing on led_16bits_tri_io[4] relative to clock(s) sys_clock
Related violations: <none>

TIMING-18#52 Warning
Missing input or output delay  
An input delay is missing on led_16bits_tri_io[5] relative to clock(s) sys_clock
Related violations: <none>

TIMING-18#53 Warning
Missing input or output delay  
An input delay is missing on led_16bits_tri_io[6] relative to clock(s) sys_clock
Related violations: <none>

TIMING-18#54 Warning
Missing input or output delay  
An input delay is missing on led_16bits_tri_io[7] relative to clock(s) sys_clock
Related violations: <none>

TIMING-18#55 Warning
Missing input or output delay  
An input delay is missing on led_16bits_tri_io[8] relative to clock(s) sys_clock
Related violations: <none>

TIMING-18#56 Warning
Missing input or output delay  
An input delay is missing on led_16bits_tri_io[9] relative to clock(s) sys_clock
Related violations: <none>

TIMING-18#57 Warning
Missing input or output delay  
An input delay is missing on push_buttons_5bits_tri_i[0] relative to clock(s) sys_clock
Related violations: <none>

TIMING-18#58 Warning
Missing input or output delay  
An input delay is missing on push_buttons_5bits_tri_i[1] relative to clock(s) sys_clock
Related violations: <none>

TIMING-18#59 Warning
Missing input or output delay  
An input delay is missing on push_buttons_5bits_tri_i[2] relative to clock(s) sys_clock
Related violations: <none>

TIMING-18#60 Warning
Missing input or output delay  
An input delay is missing on push_buttons_5bits_tri_i[3] relative to clock(s) sys_clock
Related violations: <none>

TIMING-18#61 Warning
Missing input or output delay  
An input delay is missing on push_buttons_5bits_tri_i[4] relative to clock(s) sys_clock
Related violations: <none>

TIMING-18#62 Warning
Missing input or output delay  
An input delay is missing on reset relative to clock(s) sys_clock
Related violations: <none>

TIMING-18#63 Warning
Missing input or output delay  
An input delay is missing on seven_seg_led_an_tri_io[0] relative to clock(s) sys_clock
Related violations: <none>

TIMING-18#64 Warning
Missing input or output delay  
An input delay is missing on seven_seg_led_an_tri_io[1] relative to clock(s) sys_clock
Related violations: <none>

TIMING-18#65 Warning
Missing input or output delay  
An input delay is missing on seven_seg_led_an_tri_io[2] relative to clock(s) sys_clock
Related violations: <none>

TIMING-18#66 Warning
Missing input or output delay  
An input delay is missing on seven_seg_led_an_tri_io[3] relative to clock(s) sys_clock
Related violations: <none>

TIMING-18#67 Warning
Missing input or output delay  
An input delay is missing on seven_seg_led_an_tri_io[4] relative to clock(s) sys_clock
Related violations: <none>

TIMING-18#68 Warning
Missing input or output delay  
An input delay is missing on seven_seg_led_an_tri_io[5] relative to clock(s) sys_clock
Related violations: <none>

TIMING-18#69 Warning
Missing input or output delay  
An input delay is missing on seven_seg_led_an_tri_io[6] relative to clock(s) sys_clock
Related violations: <none>

TIMING-18#70 Warning
Missing input or output delay  
An input delay is missing on seven_seg_led_an_tri_io[7] relative to clock(s) sys_clock
Related violations: <none>

TIMING-18#71 Warning
Missing input or output delay  
An input delay is missing on usb_uart_rxd relative to clock(s) sys_clock
Related violations: <none>

TIMING-18#72 Warning
Missing input or output delay  
An output delay is missing on cellular_ram_addr[0] relative to clock(s) sys_clock
Related violations: <none>

TIMING-18#73 Warning
Missing input or output delay  
An output delay is missing on cellular_ram_addr[10] relative to clock(s) sys_clock
Related violations: <none>

TIMING-18#74 Warning
Missing input or output delay  
An output delay is missing on cellular_ram_addr[11] relative to clock(s) sys_clock
Related violations: <none>

TIMING-18#75 Warning
Missing input or output delay  
An output delay is missing on cellular_ram_addr[12] relative to clock(s) sys_clock
Related violations: <none>

TIMING-18#76 Warning
Missing input or output delay  
An output delay is missing on cellular_ram_addr[13] relative to clock(s) sys_clock
Related violations: <none>

TIMING-18#77 Warning
Missing input or output delay  
An output delay is missing on cellular_ram_addr[14] relative to clock(s) sys_clock
Related violations: <none>

TIMING-18#78 Warning
Missing input or output delay  
An output delay is missing on cellular_ram_addr[15] relative to clock(s) sys_clock
Related violations: <none>

TIMING-18#79 Warning
Missing input or output delay  
An output delay is missing on cellular_ram_addr[16] relative to clock(s) sys_clock
Related violations: <none>

TIMING-18#80 Warning
Missing input or output delay  
An output delay is missing on cellular_ram_addr[17] relative to clock(s) sys_clock
Related violations: <none>

TIMING-18#81 Warning
Missing input or output delay  
An output delay is missing on cellular_ram_addr[18] relative to clock(s) sys_clock
Related violations: <none>

TIMING-18#82 Warning
Missing input or output delay  
An output delay is missing on cellular_ram_addr[19] relative to clock(s) sys_clock
Related violations: <none>

TIMING-18#83 Warning
Missing input or output delay  
An output delay is missing on cellular_ram_addr[1] relative to clock(s) sys_clock
Related violations: <none>

TIMING-18#84 Warning
Missing input or output delay  
An output delay is missing on cellular_ram_addr[20] relative to clock(s) sys_clock
Related violations: <none>

TIMING-18#85 Warning
Missing input or output delay  
An output delay is missing on cellular_ram_addr[21] relative to clock(s) sys_clock
Related violations: <none>

TIMING-18#86 Warning
Missing input or output delay  
An output delay is missing on cellular_ram_addr[22] relative to clock(s) sys_clock
Related violations: <none>

TIMING-18#87 Warning
Missing input or output delay  
An output delay is missing on cellular_ram_addr[2] relative to clock(s) sys_clock
Related violations: <none>

TIMING-18#88 Warning
Missing input or output delay  
An output delay is missing on cellular_ram_addr[3] relative to clock(s) sys_clock
Related violations: <none>

TIMING-18#89 Warning
Missing input or output delay  
An output delay is missing on cellular_ram_addr[4] relative to clock(s) sys_clock
Related violations: <none>

TIMING-18#90 Warning
Missing input or output delay  
An output delay is missing on cellular_ram_addr[5] relative to clock(s) sys_clock
Related violations: <none>

TIMING-18#91 Warning
Missing input or output delay  
An output delay is missing on cellular_ram_addr[6] relative to clock(s) sys_clock
Related violations: <none>

TIMING-18#92 Warning
Missing input or output delay  
An output delay is missing on cellular_ram_addr[7] relative to clock(s) sys_clock
Related violations: <none>

TIMING-18#93 Warning
Missing input or output delay  
An output delay is missing on cellular_ram_addr[8] relative to clock(s) sys_clock
Related violations: <none>

TIMING-18#94 Warning
Missing input or output delay  
An output delay is missing on cellular_ram_addr[9] relative to clock(s) sys_clock
Related violations: <none>

TIMING-18#95 Warning
Missing input or output delay  
An output delay is missing on cellular_ram_ben[0] relative to clock(s) sys_clock
Related violations: <none>

TIMING-18#96 Warning
Missing input or output delay  
An output delay is missing on cellular_ram_ben[1] relative to clock(s) sys_clock
Related violations: <none>

TIMING-18#97 Warning
Missing input or output delay  
An output delay is missing on cellular_ram_ce_n relative to clock(s) sys_clock
Related violations: <none>

TIMING-18#98 Warning
Missing input or output delay  
An output delay is missing on cellular_ram_oen relative to clock(s) sys_clock
Related violations: <none>

TIMING-18#99 Warning
Missing input or output delay  
An output delay is missing on cellular_ram_wen relative to clock(s) sys_clock
Related violations: <none>

TIMING-18#100 Warning
Missing input or output delay  
An output delay is missing on usb_uart_txd relative to clock(s) sys_clock
Related violations: <none>


