Copyright 1986-2019 Xilinx, Inc. All Rights Reserved.
-------------------------------------------------------------------------------------------------------------------------------------------------------------------------
| Tool Version     : Vivado v.2019.2 (win64) Build 2708876 Wed Nov  6 21:40:23 MST 2019
| Date             : Wed May 27 17:42:32 2020
| Host             : GreatAtuin running 64-bit major release  (build 9200)
| Command          : report_power -file mb_design_wrapper_power_routed.rpt -pb mb_design_wrapper_power_summary_routed.pb -rpx mb_design_wrapper_power_routed.rpx
| Design           : mb_design_wrapper
| Device           : xc7a100tcsg324-1
| Design State     : routed
| Grade            : commercial
| Process          : typical
| Characterization : Production
-------------------------------------------------------------------------------------------------------------------------------------------------------------------------

Power Report

Table of Contents
-----------------
1. Summary
1.1 On-Chip Components
1.2 Power Supply Summary
1.3 Confidence Level
2. Settings
2.1 Environment
2.2 Clock Constraints
3. Detailed Reports
3.1 By Hierarchy

1. Summary
----------

+--------------------------+--------------+
| Total On-Chip Power (W)  | 0.340        |
| Design Power Budget (W)  | Unspecified* |
| Power Budget Margin (W)  | NA           |
| Dynamic (W)              | 0.240        |
| Device Static (W)        | 0.100        |
| Effective TJA (C/W)      | 4.6          |
| Max Ambient (C)          | 83.4         |
| Junction Temperature (C) | 26.6         |
| Confidence Level         | Low          |
| Setting File             | ---          |
| Simulation Activity File | ---          |
| Design Nets Matched      | NA           |
+--------------------------+--------------+
* Specify Design Power Budget using, set_operating_conditions -design_power_budget <value in Watts>


1.1 On-Chip Components
----------------------

+--------------------------+-----------+----------+-----------+-----------------+
| On-Chip                  | Power (W) | Used     | Available | Utilization (%) |
+--------------------------+-----------+----------+-----------+-----------------+
| Clocks                   |     0.033 |        7 |       --- |             --- |
| Slice Logic              |     0.013 |    17451 |       --- |             --- |
|   LUT as Logic           |     0.011 |     5975 |     63400 |            9.42 |
|   CARRY4                 |    <0.001 |      274 |     15850 |            1.73 |
|   Register               |    <0.001 |     7170 |    126800 |            5.65 |
|   F7/F8 Muxes            |    <0.001 |      311 |     63400 |            0.49 |
|   LUT as Distributed RAM |    <0.001 |      104 |     19000 |            0.55 |
|   LUT as Shift Register  |    <0.001 |      706 |     19000 |            3.72 |
|   Others                 |    <0.001 |     1187 |       --- |             --- |
| Signals                  |     0.023 |    12229 |       --- |             --- |
| Block RAM                |     0.017 |     38.5 |       135 |           28.52 |
| MMCM                     |     0.106 |        1 |         6 |           16.67 |
| DSPs                     |     0.002 |        3 |       240 |            1.25 |
| I/O                      |     0.047 |      102 |       210 |           48.57 |
| Static Power             |     0.100 |          |           |                 |
| Total                    |     0.340 |          |           |                 |
+--------------------------+-----------+----------+-----------+-----------------+


1.2 Power Supply Summary
------------------------

+-----------+-------------+-----------+-------------+------------+
| Source    | Voltage (V) | Total (A) | Dynamic (A) | Static (A) |
+-----------+-------------+-----------+-------------+------------+
| Vccint    |       1.000 |     0.105 |       0.089 |      0.017 |
| Vccaux    |       1.800 |     0.078 |       0.060 |      0.018 |
| Vcco33    |       3.300 |     0.017 |       0.013 |      0.004 |
| Vcco25    |       2.500 |     0.000 |       0.000 |      0.000 |
| Vcco18    |       1.800 |     0.000 |       0.000 |      0.000 |
| Vcco15    |       1.500 |     0.000 |       0.000 |      0.000 |
| Vcco135   |       1.350 |     0.000 |       0.000 |      0.000 |
| Vcco12    |       1.200 |     0.000 |       0.000 |      0.000 |
| Vccaux_io |       1.800 |     0.000 |       0.000 |      0.000 |
| Vccbram   |       1.000 |     0.003 |       0.002 |      0.001 |
| MGTAVcc   |       1.000 |     0.000 |       0.000 |      0.000 |
| MGTAVtt   |       1.200 |     0.000 |       0.000 |      0.000 |
| Vccadc    |       1.800 |     0.020 |       0.000 |      0.020 |
+-----------+-------------+-----------+-------------+------------+


1.3 Confidence Level
--------------------

+-----------------------------+------------+--------------------------------------------------------+------------------------------------------------------------------------------------------------------------+
| User Input Data             | Confidence | Details                                                | Action                                                                                                     |
+-----------------------------+------------+--------------------------------------------------------+------------------------------------------------------------------------------------------------------------+
| Design implementation state | High       | Design is routed                                       |                                                                                                            |
| Clock nodes activity        | High       | User specified more than 95% of clocks                 |                                                                                                            |
| I/O nodes activity          | Low        | More than 75% of inputs are missing user specification | Provide missing input activity with simulation results or by editing the "By Resource Type -> I/Os" view   |
| Internal nodes activity     | Medium     | User specified less than 25% of internal nodes         | Provide missing internal nodes activity with simulation results or by editing the "By Resource Type" views |
| Device models               | High       | Device models are Production                           |                                                                                                            |
|                             |            |                                                        |                                                                                                            |
| Overall confidence level    | Low        |                                                        |                                                                                                            |
+-----------------------------+------------+--------------------------------------------------------+------------------------------------------------------------------------------------------------------------+


2. Settings
-----------

2.1 Environment
---------------

+-----------------------+--------------------------+
| Ambient Temp (C)      | 25.0                     |
| ThetaJA (C/W)         | 4.6                      |
| Airflow (LFM)         | 250                      |
| Heat Sink             | medium (Medium Profile)  |
| ThetaSA (C/W)         | 4.6                      |
| Board Selection       | medium (10"x10")         |
| # of Board Layers     | 12to15 (12 to 15 Layers) |
| Board Temperature (C) | 25.0                     |
+-----------------------+--------------------------+


2.2 Clock Constraints
---------------------

+-------------------------------------------------------------+-----------------------------------------------------------+-----------------+
| Clock                                                       | Domain                                                    | Constraint (ns) |
+-------------------------------------------------------------+-----------------------------------------------------------+-----------------+
| clk_out1_mb_design_clk_wiz_1_0                              | mb_design_i/clk_wiz_1/inst/clk_out1_mb_design_clk_wiz_1_0 |            10.0 |
| clkfbout_mb_design_clk_wiz_1_0                              | mb_design_i/clk_wiz_1/inst/clkfbout_mb_design_clk_wiz_1_0 |            10.0 |
| mb_design_i/mdm_1/U0/Use_E2.BSCAN_I/Use_E2.BSCANE2_I/DRCK   | mb_design_i/mdm_1/U0/Use_E2.BSCAN_I/DRCK                  |            33.3 |
| mb_design_i/mdm_1/U0/Use_E2.BSCAN_I/Use_E2.BSCANE2_I/UPDATE | mb_design_i/mdm_1/U0/Use_E2.BSCAN_I/Ext_JTAG_UPDATE       |            33.3 |
| sys_clock                                                   | sys_clock                                                 |            10.0 |
+-------------------------------------------------------------+-----------------------------------------------------------+-----------------+


3. Detailed Reports
-------------------

3.1 By Hierarchy
----------------

+-------------------------------+-----------+
| Name                          | Power (W) |
+-------------------------------+-----------+
| mb_design_wrapper             |     0.240 |
|   mb_design_i                 |     0.193 |
|     axi_dma_0                 |     0.010 |
|       U0                      |     0.010 |
|     axi_emc_0                 |     0.009 |
|       U0                      |     0.009 |
|     axi_gpio_leds             |     0.001 |
|       U0                      |     0.001 |
|     axi_gpio_switches         |     0.001 |
|       U0                      |     0.001 |
|     axi_timer_0               |     0.004 |
|       U0                      |     0.004 |
|     axis_data_fifo_0          |     0.003 |
|       inst                    |     0.003 |
|     clk_wiz_1                 |     0.106 |
|       inst                    |     0.106 |
|     microblaze_0              |     0.018 |
|       U0                      |     0.018 |
|     microblaze_0_axi_intc     |     0.002 |
|       U0                      |     0.002 |
|     microblaze_0_axi_periph   |     0.019 |
|       m00_couplers            |     0.002 |
|       m01_couplers            |     0.002 |
|       m02_couplers            |     0.002 |
|       m03_couplers            |     0.002 |
|       m04_couplers            |     0.002 |
|       m05_couplers            |     0.002 |
|       m06_couplers            |     0.001 |
|       m08_couplers            |     0.002 |
|       xbar                    |     0.003 |
|     microblaze_0_local_memory |     0.015 |
|       lmb_bram                |     0.015 |
+-------------------------------+-----------+


